<?xml version="1.0" encoding="UTF-8"?>
<robot generator="Robot 7.3.2 (Python 3.13.7 on win32)" generated="2025-09-15T17:24:01.547239" rpa="false" schemaversion="5">
<suite id="s1" name="Valid Login" source="C:\Users\saran\Downloads\Starterfiles\Starterfiles\Lab10\UAT-Lab10-001\table1\testNo2\valid_login.robot">
<test id="s1-t1" name="Open Registration Page" line="11">
<kw name="Open Browser" owner="SeleniumLibrary">
<msg time="2025-09-15T17:24:02.001467" level="INFO">Opening browser 'edge' to base url 'http://localhost:7272/Lab10/Registration.html'.</msg>
<arg>${REGISTRATION URL}</arg>
<arg>${BROWSER}</arg>
<doc>Opens a new browser instance to the optional ``url``.</doc>
<status status="PASS" start="2025-09-15T17:24:02.000947" elapsed="2.083437"/>
</kw>
<kw name="Set Selenium Speed" owner="SeleniumLibrary">
<arg>${DELAY}</arg>
<doc>Sets the delay that is waited after each Selenium command.</doc>
<status status="PASS" start="2025-09-15T17:24:04.085305" elapsed="0.000779"/>
</kw>
<status status="PASS" start="2025-09-15T17:24:01.998920" elapsed="2.087810"/>
</test>
<test id="s1-t2" name="Registration Page Should Be Open" line="15">
<kw name="Location Should Be" owner="SeleniumLibrary">
<msg time="2025-09-15T17:24:04.101716" level="INFO">Current location is 'http://localhost:7272/Lab10/Registration.html'.</msg>
<arg>${REGISTRATION URL}</arg>
<doc>Verifies that the current URL is exactly ``url``.</doc>
<status status="PASS" start="2025-09-15T17:24:04.090453" elapsed="0.011649"/>
</kw>
<kw name="Title Should Be" owner="SeleniumLibrary">
<msg time="2025-09-15T17:24:04.113581" level="INFO">Page title is 'Event Registration'.</msg>
<arg>Event Registration</arg>
<doc>Verifies that the current page title equals ``title``.</doc>
<status status="PASS" start="2025-09-15T17:24:04.103241" elapsed="0.010543"/>
</kw>
<status status="PASS" start="2025-09-15T17:24:04.089245" elapsed="0.025120"/>
</test>
<test id="s1-t3" name="Register Success" line="19">
<kw name="Input Text" owner="SeleniumLibrary">
<msg time="2025-09-15T17:24:04.119906" level="INFO">Typing text 'Somsri' into text field 'name=firstname'.</msg>
<arg>name=firstname</arg>
<arg>Somsri</arg>
<doc>Types the given ``text`` into the text field identified by ``locator``.</doc>
<status status="PASS" start="2025-09-15T17:24:04.119080" elapsed="0.180456"/>
</kw>
<kw name="Input Text" owner="SeleniumLibrary">
<msg time="2025-09-15T17:24:04.301024" level="INFO">Typing text 'Sodsai' into text field 'name=lastname'.</msg>
<arg>name=lastname</arg>
<arg>Sodsai</arg>
<doc>Types the given ``text`` into the text field identified by ``locator``.</doc>
<status status="PASS" start="2025-09-15T17:24:04.300457" elapsed="0.159186"/>
</kw>
<kw name="Input Text" owner="SeleniumLibrary">
<msg time="2025-09-15T17:24:04.461084" level="INFO">Typing text 'CS KKU' into text field 'name=organization'.</msg>
<arg>name=organization</arg>
<arg>CS KKU</arg>
<doc>Types the given ``text`` into the text field identified by ``locator``.</doc>
<status status="PASS" start="2025-09-15T17:24:04.460394" elapsed="0.140703"/>
</kw>
<kw name="Input Text" owner="SeleniumLibrary">
<msg time="2025-09-15T17:24:04.602703" level="INFO">Typing text 'somsri@kkumail.com' into text field 'name=email'.</msg>
<arg>name=email</arg>
<arg>somsri@kkumail.com</arg>
<doc>Types the given ``text`` into the text field identified by ``locator``.</doc>
<status status="PASS" start="2025-09-15T17:24:04.602265" elapsed="0.137675"/>
</kw>
<kw name="Input Text" owner="SeleniumLibrary">
<msg time="2025-09-15T17:24:04.741000" level="INFO">Typing text '081-001-1234' into text field 'name=phone'.</msg>
<arg>name=phone</arg>
<arg>081-001-1234</arg>
<doc>Types the given ``text`` into the text field identified by ``locator``.</doc>
<status status="PASS" start="2025-09-15T17:24:04.740574" elapsed="0.131871"/>
</kw>
<kw name="Click Button" owner="SeleniumLibrary">
<msg time="2025-09-15T17:24:04.873386" level="INFO">Clicking button 'Register'.</msg>
<arg>Register</arg>
<doc>Clicks the button identified by ``locator``.</doc>
<status status="PASS" start="2025-09-15T17:24:04.872989" elapsed="0.209803"/>
</kw>
<kw name="Title Should Be" owner="SeleniumLibrary">
<msg time="2025-09-15T17:24:05.090936" level="INFO">Page title is 'Success'.</msg>
<arg>Success</arg>
<doc>Verifies that the current page title equals ``title``.</doc>
<status status="PASS" start="2025-09-15T17:24:05.083563" elapsed="0.007511"/>
</kw>
<status status="PASS" start="2025-09-15T17:24:04.116717" elapsed="0.974788"/>
</test>
<status status="PASS" start="2025-09-15T17:24:01.549948" elapsed="3.544945"/>
</suite>
<statistics>
<total>
<stat pass="3" fail="0" skip="0">All Tests</stat>
</total>
<tag>
</tag>
<suite>
<stat name="Valid Login" id="s1" pass="3" fail="0" skip="0">Valid Login</stat>
</suite>
</statistics>
<errors>
</errors>
</robot>
